<?xml version="1.0" encoding="UTF-8"?>
<!-- Generated by org.testng.reporters.JUnitReportReporter -->
<testsuite hostname="DESKTOP-1TSH4F5" failures="0" tests="3" name="TestClass.BoynerE2ETest" time="56.093" errors="0" timestamp="2023-10-30T21:02:23 TRT" skipped="0">
  <testcase classname="TestClass.BoynerE2ETest" name="searchProductOnHomePage" time="35.156"/>
  <system-out/>
  <testcase classname="TestClass.BoynerE2ETest" name="filterProductDetails" time="7.074"/>
  <system-out/>
  <testcase classname="TestClass.BoynerE2ETest" name="selectFilteredProduct" time="13.863"/>
  <system-out/>
</testsuite> <!-- TestClass.BoynerE2ETest -->
